<?xml version="1.0" encoding="UTF-8"?>
<!-- Generated by org.testng.reporters.JUnitXMLReporter -->
<testsuite ignored="1" hostname="LAPTOP-1CB0B1UK" failures="0" tests="1" name="Default test" time="25.83" errors="0" timestamp="2024-02-14T07:24:03 IST">
  <testcase classname="automation.ebay.testrunner.fashionrunner" name="fashion_test_1" time="11.823"/>
  <testcase classname="automation.ebay.testrunner.fashionrunner" name="Username_test_2" time="0.0">
    <ignored/>
  </testcase> <!-- Username_test_2 -->
</testsuite> <!-- Default test -->
