<?xml version="1.0" encoding="UTF-8"?>
<!-- Generated by org.testng.reporters.JUnitXMLReporter -->
<testsuite ignored="0" hostname="LAPTOP-1CB0B1UK" failures="0" tests="3" name="Default test" time="61.54" errors="0" timestamp="2024-01-11T18:19:28 IST">
  <testcase classname="automation.ebay.testrunner.loginpagerunner" name="Username_test_2" time="7.236"/>
  <testcase classname="automation.ebay.testrunner.loginpagerunner" name="clickonsignin_test_1" time="8.193"/>
  <testcase classname="automation.ebay.testrunner.loginpagerunner" name="password_test_3" time="8.696"/>
</testsuite> <!-- Default test -->
