<?xml version="1.0" encoding="UTF-8"?>
<testng-results ignored="0" total="1" passed="1" failed="0" skipped="0">
  <reporter-output>
  </reporter-output>
  <suite started-at="2024-02-27T07:14:10 IST" name="Suite" finished-at="2024-02-27T07:15:18 IST" duration-ms="67550">
    <groups>
    </groups>
    <test started-at="2024-02-27T07:14:10 IST" name="fashion" finished-at="2024-02-27T07:15:18 IST" duration-ms="67550">
      <class name="automation.ebay.testrunner.fashionrunner">
        <test-method is-config="true" signature="beforesuite()[pri:0, instance:automation.ebay.testrunner.fashionrunner@4c5474f5]" started-at="2024-02-27T07:14:10 IST" name="beforesuite" finished-at="2024-02-27T07:14:10 IST" duration-ms="102" status="PASS">
          <reporter-output>
          </reporter-output>
        </test-method> <!-- beforesuite -->
        <test-method is-config="true" signature="setup()[pri:0, instance:automation.ebay.testrunner.fashionrunner@4c5474f5]" started-at="2024-02-27T07:14:10 IST" name="setup" finished-at="2024-02-27T07:14:46 IST" duration-ms="35600" status="PASS">
          <reporter-output>
          </reporter-output>
        </test-method> <!-- setup -->
        <test-method signature="fashion_test_1()[pri:0, instance:automation.ebay.testrunner.fashionrunner@4c5474f5]" started-at="2024-02-27T07:14:46 IST" name="fashion_test_1" finished-at="2024-02-27T07:15:07 IST" duration-ms="21283" status="PASS">
          <reporter-output>
          </reporter-output>
        </test-method> <!-- fashion_test_1 -->
        <test-method is-config="true" signature="teardownmethod(org.testng.ITestResult)[pri:0, instance:automation.ebay.testrunner.fashionrunner@4c5474f5]" started-at="2024-02-27T07:15:07 IST" name="teardownmethod" finished-at="2024-02-27T07:15:18 IST" duration-ms="10621" status="PASS">
          <params>
            <param index="0">
              <value>
                <![CDATA[[TestResult name=fashion_test_1 status=SUCCESS method=fashionrunner.fashion_test_1()[pri:0, instance:automation.ebay.testrunner.fashionrunner@4c5474f5] output={null}]]]>
              </value>
            </param>
          </params>
          <reporter-output>
          </reporter-output>
        </test-method> <!-- teardownmethod -->
        <test-method is-config="true" signature="teardown()[pri:0, instance:automation.ebay.testrunner.fashionrunner@4c5474f5]" started-at="2024-02-27T07:15:18 IST" name="teardown" finished-at="2024-02-27T07:15:18 IST" duration-ms="187" status="PASS">
          <reporter-output>
          </reporter-output>
        </test-method> <!-- teardown -->
      </class> <!-- automation.ebay.testrunner.fashionrunner -->
    </test> <!-- fashion -->
  </suite> <!-- Suite -->
</testng-results>
